<?xml version="1.0" encoding="UTF-8"?>
<testsuite name="com.study.datajpa.repository.MemberTestRepositoryTest" tests="1" skipped="0" failures="0" errors="0" timestamp="2023-01-29T12:06:44" hostname="ijanghuiui-MacBookPro.local" time="0.143">
  <properties/>
  <testcase name="bulkUpdate()" classname="com.study.datajpa.repository.MemberTestRepositoryTest" time="0.143"/>
  <system-out><![CDATA[21:06:43.397 [Test worker] DEBUG org.springframework.boot.test.context.SpringBootTestContextBootstrapper - Neither @ContextConfiguration nor @ContextHierarchy found for test class [MemberTestRepositoryTest]: using SpringBootContextLoader
21:06:43.398 [Test worker] DEBUG org.springframework.test.context.support.AbstractContextLoader - Could not detect default resource locations for test class [com.study.datajpa.repository.MemberTestRepositoryTest]: no resource found for suffixes {-context.xml, Context.groovy}.
21:06:43.398 [Test worker] INFO org.springframework.test.context.support.AnnotationConfigContextLoaderUtils - Could not detect default configuration classes for test class [com.study.datajpa.repository.MemberTestRepositoryTest]: MemberTestRepositoryTest does not declare any static, non-private, non-final, nested classes annotated with @Configuration.
21:06:43.407 [Test worker] DEBUG org.springframework.boot.test.context.SpringBootTestContextBootstrapper - Using ContextCustomizers for test class [MemberTestRepositoryTest]: [DisableObservabilityContextCustomizer, PropertyMappingContextCustomizer, Customizer, ExcludeFilterContextCustomizer, DuplicateJsonObjectContextCustomizer, MockitoContextCustomizer, TestRestTemplateContextCustomizer]
21:06:43.439 [Test worker] DEBUG org.springframework.context.annotation.ClassPathScanningCandidateComponentProvider - Identified candidate component class: file [/Users/leeeehgnaj/Desktop/Coding/data-jpa/build/classes/java/main/com/study/datajpa/DataJpaApplication.class]
21:06:43.440 [Test worker] INFO org.springframework.boot.test.context.SpringBootTestContextBootstrapper - Found @SpringBootConfiguration com.study.datajpa.DataJpaApplication for test class com.study.datajpa.repository.MemberTestRepositoryTest
21:06:43.474 [Test worker] DEBUG org.springframework.boot.test.context.SpringBootTestContextBootstrapper - Using TestExecutionListeners for test class [MemberTestRepositoryTest]: [ServletTestExecutionListener, DirtiesContextBeforeModesTestExecutionListener, ApplicationEventsTestExecutionListener, MockitoTestExecutionListener, DependencyInjectionTestExecutionListener, DirtiesContextTestExecutionListener, TransactionalTestExecutionListener, SqlScriptsTestExecutionListener, EventPublishingTestExecutionListener, RestDocsTestExecutionListener, MockRestServiceServerResetTestExecutionListener, MockMvcPrintOnlyOnFailureTestExecutionListener, WebDriverTestExecutionListener, MockWebServiceServerTestExecutionListener, ResetMocksTestExecutionListener]
21:06:43.475 [Test worker] DEBUG org.springframework.test.context.support.AbstractDirtiesContextTestExecutionListener - Before test class: class [MemberTestRepositoryTest], class annotated with @DirtiesContext [false] with mode [null]

  .   ____          _            __ _ _
 /\\ / ___'_ __ _ _(_)_ __  __ _ \ \ \ \
( ( )\___ | '_ | '_| | '_ \/ _` | \ \ \ \
 \\/  ___)| |_)| | | | | || (_| |  ) ) ) )
  '  |____| .__|_| |_|_| |_\__, | / / / /
 =========|_|==============|___/=/_/_/_/
 :: Spring Boot ::                (v3.0.2)

2023-01-29T21:06:43.598+09:00  INFO 7940 --- [    Test worker] c.s.d.r.MemberTestRepositoryTest         : Starting MemberTestRepositoryTest using Java 17.0.2 with PID 7940 (started by leeeehgnaj in /Users/leeeehgnaj/Desktop/Coding/data-jpa)
2023-01-29T21:06:43.599+09:00  INFO 7940 --- [    Test worker] c.s.d.r.MemberTestRepositoryTest         : No active profile set, falling back to 1 default profile: "default"
2023-01-29T21:06:43.819+09:00  INFO 7940 --- [    Test worker] .s.d.r.c.RepositoryConfigurationDelegate : Bootstrapping Spring Data JPA repositories in DEFAULT mode.
2023-01-29T21:06:43.842+09:00  INFO 7940 --- [    Test worker] .s.d.r.c.RepositoryConfigurationDelegate : Finished Spring Data repository scanning in 20 ms. Found 2 JPA repository interfaces.
2023-01-29T21:06:43.998+09:00  INFO 7940 --- [    Test worker] o.hibernate.jpa.internal.util.LogHelper  : HHH000204: Processing PersistenceUnitInfo [name: default]
2023-01-29T21:06:44.018+09:00  INFO 7940 --- [    Test worker] org.hibernate.Version                    : HHH000412: Hibernate ORM core version 6.1.6.Final
2023-01-29T21:06:44.075+09:00  WARN 7940 --- [    Test worker] org.hibernate.orm.deprecation            : HHH90000021: Encountered deprecated setting [javax.persistence.sharedCache.mode], use [jakarta.persistence.sharedCache.mode] instead
2023-01-29T21:06:44.117+09:00  INFO 7940 --- [    Test worker] com.zaxxer.hikari.HikariDataSource       : HikariPool-1 - Starting...
2023-01-29T21:06:44.153+09:00  INFO 7940 --- [    Test worker] com.zaxxer.hikari.pool.HikariPool        : HikariPool-1 - Added connection conn0: url=jdbc:h2:tcp://localhost/~/datajpa user=SA
2023-01-29T21:06:44.153+09:00  INFO 7940 --- [    Test worker] com.zaxxer.hikari.HikariDataSource       : HikariPool-1 - Start completed.
2023-01-29T21:06:44.174+09:00  INFO 7940 --- [    Test worker] SQL dialect                              : HHH000400: Using dialect: org.hibernate.dialect.H2Dialect
2023-01-29T21:06:44.485+09:00  INFO 7940 --- [    Test worker] o.h.e.t.j.p.i.JtaPlatformInitiator       : HHH000490: Using JtaPlatform implementation: [org.hibernate.engine.transaction.jta.platform.internal.NoJtaPlatform]
2023-01-29T21:06:44.488+09:00  INFO 7940 --- [    Test worker] j.LocalContainerEntityManagerFactoryBean : Initialized JPA EntityManagerFactory for persistence unit 'default'
2023-01-29T21:06:44.568+09:00  WARN 7940 --- [    Test worker] JpaBaseConfiguration$JpaWebConfiguration : spring.jpa.open-in-view is enabled by default. Therefore, database queries may be performed during view rendering. Explicitly configure spring.jpa.open-in-view to disable this warning
2023-01-29T21:06:44.945+09:00  INFO 7940 --- [    Test worker] c.s.d.r.MemberTestRepositoryTest         : Started MemberTestRepositoryTest in 1.454 seconds (process running for 1.882)
]]></system-out>
  <system-err><![CDATA[]]></system-err>
</testsuite>
