<?xml version="1.0" encoding="UTF-8"?>
<testsuite name="com.study.datajpa.domain.MemberTest" tests="1" skipped="0" failures="0" errors="0" timestamp="2023-01-29T08:22:24" hostname="ijanghuiui-MacBookPro.local" time="0.229">
  <properties/>
  <testcase name="testTeamChange()" classname="com.study.datajpa.domain.MemberTest" time="0.229"/>
  <system-out><![CDATA[17:22:22.655 [Test worker] DEBUG org.springframework.boot.test.context.SpringBootTestContextBootstrapper - Neither @ContextConfiguration nor @ContextHierarchy found for test class [MemberTest]: using SpringBootContextLoader
17:22:22.657 [Test worker] DEBUG org.springframework.test.context.support.AbstractContextLoader - Could not detect default resource locations for test class [com.study.datajpa.domain.MemberTest]: no resource found for suffixes {-context.xml, Context.groovy}.
17:22:22.658 [Test worker] INFO org.springframework.test.context.support.AnnotationConfigContextLoaderUtils - Could not detect default configuration classes for test class [com.study.datajpa.domain.MemberTest]: MemberTest does not declare any static, non-private, non-final, nested classes annotated with @Configuration.
17:22:22.669 [Test worker] DEBUG org.springframework.boot.test.context.SpringBootTestContextBootstrapper - Using ContextCustomizers for test class [MemberTest]: [DisableObservabilityContextCustomizer, PropertyMappingContextCustomizer, Customizer, ExcludeFilterContextCustomizer, DuplicateJsonObjectContextCustomizer, MockitoContextCustomizer, TestRestTemplateContextCustomizer]
17:22:22.705 [Test worker] DEBUG org.springframework.context.annotation.ClassPathScanningCandidateComponentProvider - Identified candidate component class: file [/Users/leeeehgnaj/Desktop/Coding/data-jpa/build/classes/java/main/com/study/datajpa/DataJpaApplication.class]
17:22:22.706 [Test worker] INFO org.springframework.boot.test.context.SpringBootTestContextBootstrapper - Found @SpringBootConfiguration com.study.datajpa.DataJpaApplication for test class com.study.datajpa.domain.MemberTest
17:22:22.749 [Test worker] DEBUG org.springframework.boot.test.context.SpringBootTestContextBootstrapper - Using TestExecutionListeners for test class [MemberTest]: [ServletTestExecutionListener, DirtiesContextBeforeModesTestExecutionListener, ApplicationEventsTestExecutionListener, MockitoTestExecutionListener, DependencyInjectionTestExecutionListener, DirtiesContextTestExecutionListener, TransactionalTestExecutionListener, SqlScriptsTestExecutionListener, EventPublishingTestExecutionListener, RestDocsTestExecutionListener, MockRestServiceServerResetTestExecutionListener, MockMvcPrintOnlyOnFailureTestExecutionListener, WebDriverTestExecutionListener, MockWebServiceServerTestExecutionListener, ResetMocksTestExecutionListener]
17:22:22.749 [Test worker] DEBUG org.springframework.test.context.support.AbstractDirtiesContextTestExecutionListener - Before test class: class [MemberTest], class annotated with @DirtiesContext [false] with mode [null]

  .   ____          _            __ _ _
 /\\ / ___'_ __ _ _(_)_ __  __ _ \ \ \ \
( ( )\___ | '_ | '_| | '_ \/ _` | \ \ \ \
 \\/  ___)| |_)| | | | | || (_| |  ) ) ) )
  '  |____| .__|_| |_|_| |_\__, | / / / /
 =========|_|==============|___/=/_/_/_/
 :: Spring Boot ::                (v3.0.2)

2023-01-29T17:22:22.895+09:00  INFO 93139 --- [    Test worker] com.study.datajpa.domain.MemberTest      : Starting MemberTest using Java 17.0.2 with PID 93139 (started by leeeehgnaj in /Users/leeeehgnaj/Desktop/Coding/data-jpa)
2023-01-29T17:22:22.896+09:00  INFO 93139 --- [    Test worker] com.study.datajpa.domain.MemberTest      : No active profile set, falling back to 1 default profile: "default"
2023-01-29T17:22:23.146+09:00  INFO 93139 --- [    Test worker] .s.d.r.c.RepositoryConfigurationDelegate : Bootstrapping Spring Data JPA repositories in DEFAULT mode.
2023-01-29T17:22:23.168+09:00  INFO 93139 --- [    Test worker] .s.d.r.c.RepositoryConfigurationDelegate : Finished Spring Data repository scanning in 18 ms. Found 1 JPA repository interfaces.
2023-01-29T17:22:23.357+09:00  INFO 93139 --- [    Test worker] o.hibernate.jpa.internal.util.LogHelper  : HHH000204: Processing PersistenceUnitInfo [name: default]
2023-01-29T17:22:23.385+09:00  INFO 93139 --- [    Test worker] org.hibernate.Version                    : HHH000412: Hibernate ORM core version 6.1.6.Final
2023-01-29T17:22:23.465+09:00  WARN 93139 --- [    Test worker] org.hibernate.orm.deprecation            : HHH90000021: Encountered deprecated setting [javax.persistence.sharedCache.mode], use [jakarta.persistence.sharedCache.mode] instead
2023-01-29T17:22:23.521+09:00  INFO 93139 --- [    Test worker] com.zaxxer.hikari.HikariDataSource       : HikariPool-1 - Starting...
2023-01-29T17:22:23.565+09:00  INFO 93139 --- [    Test worker] com.zaxxer.hikari.pool.HikariPool        : HikariPool-1 - Added connection conn0: url=jdbc:h2:tcp://localhost/~/datajpa user=SA
2023-01-29T17:22:23.565+09:00  INFO 93139 --- [    Test worker] com.zaxxer.hikari.HikariDataSource       : HikariPool-1 - Start completed.
2023-01-29T17:22:23.596+09:00  INFO 93139 --- [    Test worker] SQL dialect                              : HHH000400: Using dialect: org.hibernate.dialect.H2Dialect
2023-01-29T17:22:23.929+09:00  INFO 93139 --- [    Test worker] o.h.e.t.j.p.i.JtaPlatformInitiator       : HHH000490: Using JtaPlatform implementation: [org.hibernate.engine.transaction.jta.platform.internal.NoJtaPlatform]
2023-01-29T17:22:23.933+09:00  INFO 93139 --- [    Test worker] j.LocalContainerEntityManagerFactoryBean : Initialized JPA EntityManagerFactory for persistence unit 'default'
2023-01-29T17:22:24.016+09:00  WARN 93139 --- [    Test worker] JpaBaseConfiguration$JpaWebConfiguration : spring.jpa.open-in-view is enabled by default. Therefore, database queries may be performed during view rendering. Explicitly configure spring.jpa.open-in-view to disable this warning
2023-01-29T17:22:24.262+09:00  INFO 93139 --- [    Test worker] com.study.datajpa.domain.MemberTest      : Started MemberTest in 1.492 seconds (process running for 1.97)
member : Member(id=1, username=멤버1, age=10)
2023-01-29T17:22:24.489+09:00 DEBUG 93139 --- [    Test worker] o.h.sql.results.internal.ResultsHelper   : Collection fully initialized: [com.study.datajpa.domain.Team.members#1]
member.team : Team(id=1, name=팀1, members=[Member(id=1, username=멤버1, age=10), Member(id=2, username=멤버2, age=10)])
member : Member(id=2, username=멤버2, age=10)
member.team : Team(id=1, name=팀1, members=[Member(id=1, username=멤버1, age=10), Member(id=2, username=멤버2, age=10)])
member : Member(id=3, username=멤버3, age=10)
2023-01-29T17:22:24.490+09:00 DEBUG 93139 --- [    Test worker] o.h.sql.results.internal.ResultsHelper   : Collection fully initialized: [com.study.datajpa.domain.Team.members#2]
member.team : Team(id=2, name=팀2, members=[Member(id=3, username=멤버3, age=10), Member(id=4, username=멤버4, age=10)])
member : Member(id=4, username=멤버4, age=10)
member.team : Team(id=2, name=팀2, members=[Member(id=3, username=멤버3, age=10), Member(id=4, username=멤버4, age=10)])
]]></system-out>
  <system-err><![CDATA[]]></system-err>
</testsuite>
