<?xml version="1.0" encoding="UTF-8"?>
<testsuite name="com.study.datajpa.repository.MemberRepositoryTest" tests="1" skipped="0" failures="0" errors="0" timestamp="2023-01-30T09:42:58" hostname="ijanghuiui-MacBookPro.local" time="0.245">
  <properties/>
  <testcase name="createAndUpdateDateTest()" classname="com.study.datajpa.repository.MemberRepositoryTest" time="0.245"/>
  <system-out><![CDATA[18:42:56.569 [Test worker] DEBUG org.springframework.boot.test.context.SpringBootTestContextBootstrapper - Neither @ContextConfiguration nor @ContextHierarchy found for test class [MemberRepositoryTest]: using SpringBootContextLoader
18:42:56.571 [Test worker] DEBUG org.springframework.test.context.support.AbstractContextLoader - Could not detect default resource locations for test class [com.study.datajpa.repository.MemberRepositoryTest]: no resource found for suffixes {-context.xml, Context.groovy}.
18:42:56.571 [Test worker] INFO org.springframework.test.context.support.AnnotationConfigContextLoaderUtils - Could not detect default configuration classes for test class [com.study.datajpa.repository.MemberRepositoryTest]: MemberRepositoryTest does not declare any static, non-private, non-final, nested classes annotated with @Configuration.
18:42:56.582 [Test worker] DEBUG org.springframework.boot.test.context.SpringBootTestContextBootstrapper - Using ContextCustomizers for test class [MemberRepositoryTest]: [DisableObservabilityContextCustomizer, PropertyMappingContextCustomizer, Customizer, ExcludeFilterContextCustomizer, DuplicateJsonObjectContextCustomizer, MockitoContextCustomizer, TestRestTemplateContextCustomizer]
18:42:56.619 [Test worker] DEBUG org.springframework.context.annotation.ClassPathScanningCandidateComponentProvider - Identified candidate component class: file [/Users/leeeehgnaj/Desktop/Coding/data-jpa/build/classes/java/main/com/study/datajpa/DataJpaApplication.class]
18:42:56.620 [Test worker] INFO org.springframework.boot.test.context.SpringBootTestContextBootstrapper - Found @SpringBootConfiguration com.study.datajpa.DataJpaApplication for test class com.study.datajpa.repository.MemberRepositoryTest
18:42:56.655 [Test worker] DEBUG org.springframework.boot.test.context.SpringBootTestContextBootstrapper - Using TestExecutionListeners for test class [MemberRepositoryTest]: [ServletTestExecutionListener, DirtiesContextBeforeModesTestExecutionListener, ApplicationEventsTestExecutionListener, MockitoTestExecutionListener, DependencyInjectionTestExecutionListener, DirtiesContextTestExecutionListener, TransactionalTestExecutionListener, SqlScriptsTestExecutionListener, EventPublishingTestExecutionListener, RestDocsTestExecutionListener, MockRestServiceServerResetTestExecutionListener, MockMvcPrintOnlyOnFailureTestExecutionListener, WebDriverTestExecutionListener, MockWebServiceServerTestExecutionListener, ResetMocksTestExecutionListener]
18:42:56.656 [Test worker] DEBUG org.springframework.test.context.support.AbstractDirtiesContextTestExecutionListener - Before test class: class [MemberRepositoryTest], class annotated with @DirtiesContext [false] with mode [null]

  .   ____          _            __ _ _
 /\\ / ___'_ __ _ _(_)_ __  __ _ \ \ \ \
( ( )\___ | '_ | '_| | '_ \/ _` | \ \ \ \
 \\/  ___)| |_)| | | | | || (_| |  ) ) ) )
  '  |____| .__|_| |_|_| |_\__, | / / / /
 =========|_|==============|___/=/_/_/_/
 :: Spring Boot ::                (v3.0.2)

2023-01-30T18:42:56.782+09:00  INFO 33789 --- [    Test worker] c.s.d.repository.MemberRepositoryTest    : Starting MemberRepositoryTest using Java 17.0.2 with PID 33789 (started by leeeehgnaj in /Users/leeeehgnaj/Desktop/Coding/data-jpa)
2023-01-30T18:42:56.783+09:00  INFO 33789 --- [    Test worker] c.s.d.repository.MemberRepositoryTest    : No active profile set, falling back to 1 default profile: "default"
2023-01-30T18:42:57.025+09:00  INFO 33789 --- [    Test worker] .s.d.r.c.RepositoryConfigurationDelegate : Bootstrapping Spring Data JPA repositories in DEFAULT mode.
2023-01-30T18:42:57.048+09:00  INFO 33789 --- [    Test worker] .s.d.r.c.RepositoryConfigurationDelegate : Finished Spring Data repository scanning in 19 ms. Found 2 JPA repository interfaces.
2023-01-30T18:42:57.223+09:00  INFO 33789 --- [    Test worker] o.hibernate.jpa.internal.util.LogHelper  : HHH000204: Processing PersistenceUnitInfo [name: default]
2023-01-30T18:42:57.244+09:00  INFO 33789 --- [    Test worker] org.hibernate.Version                    : HHH000412: Hibernate ORM core version 6.1.6.Final
2023-01-30T18:42:57.311+09:00  WARN 33789 --- [    Test worker] org.hibernate.orm.deprecation            : HHH90000021: Encountered deprecated setting [javax.persistence.sharedCache.mode], use [jakarta.persistence.sharedCache.mode] instead
2023-01-30T18:42:57.354+09:00  INFO 33789 --- [    Test worker] com.zaxxer.hikari.HikariDataSource       : HikariPool-1 - Starting...
2023-01-30T18:42:57.388+09:00  INFO 33789 --- [    Test worker] com.zaxxer.hikari.pool.HikariPool        : HikariPool-1 - Added connection conn0: url=jdbc:h2:tcp://localhost/~/datajpa user=SA
2023-01-30T18:42:57.389+09:00  INFO 33789 --- [    Test worker] com.zaxxer.hikari.HikariDataSource       : HikariPool-1 - Start completed.
2023-01-30T18:42:57.409+09:00  INFO 33789 --- [    Test worker] SQL dialect                              : HHH000400: Using dialect: org.hibernate.dialect.H2Dialect
2023-01-30T18:42:57.741+09:00  INFO 33789 --- [    Test worker] o.h.e.t.j.p.i.JtaPlatformInitiator       : HHH000490: Using JtaPlatform implementation: [org.hibernate.engine.transaction.jta.platform.internal.NoJtaPlatform]
2023-01-30T18:42:57.744+09:00  INFO 33789 --- [    Test worker] j.LocalContainerEntityManagerFactoryBean : Initialized JPA EntityManagerFactory for persistence unit 'default'
2023-01-30T18:42:57.837+09:00  WARN 33789 --- [    Test worker] JpaBaseConfiguration$JpaWebConfiguration : spring.jpa.open-in-view is enabled by default. Therefore, database queries may be performed during view rendering. Explicitly configure spring.jpa.open-in-view to disable this warning
2023-01-30T18:42:58.226+09:00  INFO 33789 --- [    Test worker] c.s.d.repository.MemberRepositoryTest    : Started MemberRepositoryTest in 1.551 seconds (process running for 2.018)
created at 2023-01-30T18:42:58.309881
last modified by 2023-01-30T18:42:58.432808
created by cdaf7aae-4f1b-463e-b1bb-2a5c80e1693a
last modified by 97592d75-e0a5-43fe-8dcb-b2389cd1ceca
]]></system-out>
  <system-err><![CDATA[]]></system-err>
</testsuite>
